<?xml version="1.0" encoding="UTF-8"?>
<testsuite xmlns:xsi="http://www.w3.org/2001/XMLSchema-instance" xsi:noNamespaceSchemaLocation="https://maven.apache.org/surefire/maven-surefire-plugin/xsd/surefire-test-report.xsd" version="3.0.2" name="com.project.wallet.wallet.WalletApplicationTests" time="8.035" tests="4" errors="0" skipped="0" failures="0">
  <properties>
[...]
</properties>
  <testcase name="testWithdrawWhenMoreThanPossible" classname="com.project.wallet.wallet.WalletApplicationTests" time="0.527">
    <system-out><![CDATA[21:47:13.278 [main] INFO org.springframework.test.context.support.AnnotationConfigContextLoaderUtils -- Could not detect default configuration classes for test class [com.project.wallet.wallet.WalletApplicationTests]: WalletApplicationTests does not declare any static, non-private, non-final, nested classes annotated with @Configuration.
21:47:13.426 [main] INFO org.springframework.boot.test.context.SpringBootTestContextBootstrapper -- Found @SpringBootConfiguration com.project.wallet.WalletApplication for test class com.project.wallet.wallet.WalletApplicationTests

  .   ____          _            __ _ _
 /\\ / ___'_ __ _ _(_)_ __  __ _ \ \ \ \
( ( )\___ | '_ | '_| | '_ \/ _` | \ \ \ \
 \\/  ___)| |_)| | | | | || (_| |  ) ) ) )
  '  |____| .__|_| |_|_| |_\__, | / / / /
 =========|_|==============|___/=/_/_/_/

 :: Spring Boot ::                (v3.5.8)

2025-12-07T21:47:14.194+03:00  INFO 14428 --- [wallet] [           main] c.p.w.wallet.WalletApplicationTests      : Starting WalletApplicationTests using Java 24 with PID 14428 (started by ivan- in C:\Users\ivan-\Downloads\wallet (1)\wallet)
2025-12-07T21:47:14.196+03:00  INFO 14428 --- [wallet] [           main] c.p.w.wallet.WalletApplicationTests      : No active profile set, falling back to 1 default profile: "default"
2025-12-07T21:47:15.414+03:00  INFO 14428 --- [wallet] [           main] .s.d.r.c.RepositoryConfigurationDelegate : Bootstrapping Spring Data JPA repositories in DEFAULT mode.
2025-12-07T21:47:15.501+03:00  INFO 14428 --- [wallet] [           main] .s.d.r.c.RepositoryConfigurationDelegate : Finished Spring Data repository scanning in 73 ms. Found 1 JPA repository interface.
2025-12-07T21:47:16.134+03:00  INFO 14428 --- [wallet] [           main] com.zaxxer.hikari.HikariDataSource       : HikariPool-1 - Starting...
2025-12-07T21:47:16.577+03:00  INFO 14428 --- [wallet] [           main] com.zaxxer.hikari.pool.HikariPool        : HikariPool-1 - Added connection org.postgresql.jdbc.PgConnection@6b357eb6
2025-12-07T21:47:16.579+03:00  INFO 14428 --- [wallet] [           main] com.zaxxer.hikari.HikariDataSource       : HikariPool-1 - Start completed.
2025-12-07T21:47:16.891+03:00  INFO 14428 --- [wallet] [           main] liquibase.database                       : Set default schema name to public
2025-12-07T21:47:17.551+03:00  INFO 14428 --- [wallet] [           main] liquibase.changelog                      : Reading from public.databasechangelog
2025-12-07T21:47:17.648+03:00  INFO 14428 --- [wallet] [           main] liquibase.ui                             : Database is up to date, no changesets to execute
2025-12-07T21:47:17.651+03:00  INFO 14428 --- [wallet] [           main] liquibase.changelog                      : Reading from public.databasechangelog
2025-12-07T21:47:17.665+03:00  INFO 14428 --- [wallet] [           main] liquibase.util                           : UPDATE SUMMARY
2025-12-07T21:47:17.666+03:00  INFO 14428 --- [wallet] [           main] liquibase.util                           : Run:                          0
2025-12-07T21:47:17.666+03:00  INFO 14428 --- [wallet] [           main] liquibase.util                           : Previously run:               2
2025-12-07T21:47:17.666+03:00  INFO 14428 --- [wallet] [           main] liquibase.util                           : Filtered out:                 0
2025-12-07T21:47:17.666+03:00  INFO 14428 --- [wallet] [           main] liquibase.util                           : -------------------------------
2025-12-07T21:47:17.666+03:00  INFO 14428 --- [wallet] [           main] liquibase.util                           : Total change sets:            2
2025-12-07T21:47:17.668+03:00  INFO 14428 --- [wallet] [           main] liquibase.util                           : Update summary generated
2025-12-07T21:47:17.669+03:00  INFO 14428 --- [wallet] [           main] liquibase.command                        : Command execution complete
2025-12-07T21:47:18.258+03:00  INFO 14428 --- [wallet] [           main] o.hibernate.jpa.internal.util.LogHelper  : HHH000204: Processing PersistenceUnitInfo [name: default]
2025-12-07T21:47:18.327+03:00  INFO 14428 --- [wallet] [           main] org.hibernate.Version                    : HHH000412: Hibernate ORM core version 6.6.36.Final
2025-12-07T21:47:18.359+03:00  INFO 14428 --- [wallet] [           main] o.h.c.internal.RegionFactoryInitiator    : HHH000026: Second-level cache disabled
2025-12-07T21:47:18.666+03:00  INFO 14428 --- [wallet] [           main] o.s.o.j.p.SpringPersistenceUnitInfo      : No LoadTimeWeaver setup: ignoring JPA class transformer
2025-12-07T21:47:18.754+03:00  INFO 14428 --- [wallet] [           main] org.hibernate.orm.connections.pooling    : HHH10001005: Database info:
	Database JDBC URL [Connecting through datasource 'HikariDataSource (HikariPool-1)']
	Database driver: undefined/unknown
	Database version: 18.1
	Autocommit mode: undefined/unknown
	Isolation level: undefined/unknown
	Minimum pool size: undefined/unknown
	Maximum pool size: undefined/unknown
2025-12-07T21:47:19.566+03:00  INFO 14428 --- [wallet] [           main] o.h.e.t.j.p.i.JtaPlatformInitiator       : HHH000489: No JTA platform available (set 'hibernate.transaction.jta.platform' to enable JTA platform integration)
2025-12-07T21:47:19.569+03:00  INFO 14428 --- [wallet] [           main] j.LocalContainerEntityManagerFactoryBean : Initialized JPA EntityManagerFactory for persistence unit 'default'
2025-12-07T21:47:20.096+03:00  WARN 14428 --- [wallet] [           main] JpaBaseConfiguration$JpaWebConfiguration : spring.jpa.open-in-view is enabled by default. Therefore, database queries may be performed during view rendering. Explicitly configure spring.jpa.open-in-view to disable this warning
2025-12-07T21:47:20.506+03:00  INFO 14428 --- [wallet] [           main] c.p.w.wallet.WalletApplicationTests      : Started WalletApplicationTests in 6.887 seconds (process running for 8.027)
Hibernate: select w1_0.id,w1_0.amount from public.wallet w1_0 where w1_0.id=? for no key update
]]></system-out>
    <system-err><![CDATA[Mockito is currently self-attaching to enable the inline-mock-maker. This will no longer work in future releases of the JDK. Please add Mockito as an agent to your build as described in Mockito's documentation: https://javadoc.io/doc/org.mockito/mockito-core/latest/org.mockito/org/mockito/Mockito.html#0.3
WARNING: A Java agent has been loaded dynamically (C:\Users\ivan-\.m2\repository\net\bytebuddy\byte-buddy-agent\1.17.8\byte-buddy-agent-1.17.8.jar)
WARNING: If a serviceability tool is in use, please run with -XX:+EnableDynamicAgentLoading to hide this warning
WARNING: If a serviceability tool is not in use, please run with -Djdk.instrument.traceUsage for more information
WARNING: Dynamic loading of agents will be disallowed by default in a future release
]]></system-err>
  </testcase>
  <testcase name="testWhenUUIDUnknown" classname="com.project.wallet.wallet.WalletApplicationTests" time="0.009">
    <system-out><![CDATA[Hibernate: select w1_0.id,w1_0.amount from public.wallet w1_0 where w1_0.id=? for no key update
]]></system-out>
  </testcase>
  <testcase name="testWithdraw" classname="com.project.wallet.wallet.WalletApplicationTests" time="0.055">
    <system-out><![CDATA[Hibernate: select w1_0.id,w1_0.amount from public.wallet w1_0 where w1_0.id=? for no key update
Hibernate: select w1_0.id,w1_0.amount from public.wallet w1_0 where w1_0.id=? for no key update
Hibernate: update public.wallet set amount=? where id=?
Hibernate: select w1_0.id,w1_0.amount from public.wallet w1_0 where w1_0.id=? for no key update
]]></system-out>
  </testcase>
  <testcase name="testDeposit" classname="com.project.wallet.wallet.WalletApplicationTests" time="0.017">
    <system-out><![CDATA[Hibernate: select w1_0.id,w1_0.amount from public.wallet w1_0 where w1_0.id=? for no key update
Hibernate: select w1_0.id,w1_0.amount from public.wallet w1_0 where w1_0.id=? for no key update
Hibernate: update public.wallet set amount=? where id=?
Hibernate: select w1_0.id,w1_0.amount from public.wallet w1_0 where w1_0.id=? for no key update
]]></system-out>
  </testcase>
</testsuite>